d:\c_c++\giaimap\provisions - copy\assignment3\debug\vc143.pdb
d:\c_c++\giaimap\provisions - copy\assignment3\debug\vc143.idb
d:\c_c++\giaimap\provisions - copy\assignment3\debug\t_node.obj
d:\c_c++\giaimap\provisions - copy\assignment3\debug\stack.obj
d:\c_c++\giaimap\provisions - copy\assignment3\debug\square_state.obj
d:\c_c++\giaimap\provisions - copy\assignment3\debug\queue.obj
d:\c_c++\giaimap\provisions - copy\assignment3\debug\node.obj
d:\c_c++\giaimap\provisions - copy\assignment3\debug\game_tree.obj
d:\c_c++\giaimap\provisions - copy\assignment3\debug\game_state.obj
d:\c_c++\giaimap\provisions - copy\assignment3\debug\assig_three223.obj
c:\users\table\downloads\provisions 2\provisions\assignment3\debug\vc143.pdb
c:\users\table\downloads\provisions 2\provisions\assignment3\debug\vc143.idb
c:\users\table\downloads\provisions 2\provisions\assignment3\debug\t_node.obj
c:\users\table\downloads\provisions 2\provisions\assignment3\debug\stack.obj
c:\users\table\downloads\provisions 2\provisions\assignment3\debug\square_state.obj
c:\users\table\downloads\provisions 2\provisions\assignment3\debug\queue.obj
c:\users\table\downloads\provisions 2\provisions\assignment3\debug\node.obj
c:\users\table\downloads\provisions 2\provisions\assignment3\debug\game_tree.obj
c:\users\table\downloads\provisions 2\provisions\assignment3\debug\game_state.obj
c:\users\table\downloads\provisions 2\provisions\assignment3\debug\assig_three223.obj
d:\c_c++\giaimap\provisions - copy\debug\assignment3.exe
d:\c_c++\giaimap\provisions - copy\assignment3\debug\assignment3.ilk
d:\c_c++\giaimap\provisions - copy\debug\assignment3.pdb
c:\users\table\downloads\provisions 2\provisions\debug\assignment3.exe
c:\users\table\downloads\provisions 2\provisions\assignment3\debug\assignment3.ilk
c:\users\table\downloads\provisions 2\provisions\debug\assignment3.pdb
c:\users\table\downloads\provisions 2\provisions\assignment3\debug\game_tree.obj.enc
c:\users\table\downloads\provisions 2\provisions\assignment3\debug\queue.obj.enc
c:\users\table\downloads\provisions 2\provisions\assignment3\debug\stack.obj.enc
c:\users\table\downloads\provisions 2\provisions\assignment3\debug\t_node.obj.enc
c:\users\table\downloads\provisions 2\provisions\assignment3\debug\assignment3.tlog\cl.command.1.tlog
c:\users\table\downloads\provisions 2\provisions\assignment3\debug\assignment3.tlog\cl.items.tlog
c:\users\table\downloads\provisions 2\provisions\assignment3\debug\assignment3.tlog\cl.read.1.tlog
c:\users\table\downloads\provisions 2\provisions\assignment3\debug\assignment3.tlog\cl.write.1.tlog
c:\users\table\downloads\provisions 2\provisions\assignment3\debug\assignment3.tlog\link.command.1.tlog
c:\users\table\downloads\provisions 2\provisions\assignment3\debug\assignment3.tlog\link.read.1.tlog
c:\users\table\downloads\provisions 2\provisions\assignment3\debug\assignment3.tlog\link.write.1.tlog
